ARM GAS  C:\Users\ASUS\AppData\Local\Temp\ccudb3QI.s 			page 1


   1              		.cpu cortex-m4
   2              		.arch armv7e-m
   3              		.fpu fpv4-sp-d16
   4              		.eabi_attribute 27, 1
   5              		.eabi_attribute 28, 1
   6              		.eabi_attribute 20, 1
   7              		.eabi_attribute 21, 1
   8              		.eabi_attribute 23, 3
   9              		.eabi_attribute 24, 1
  10              		.eabi_attribute 25, 1
  11              		.eabi_attribute 26, 1
  12              		.eabi_attribute 30, 1
  13              		.eabi_attribute 34, 1
  14              		.eabi_attribute 18, 4
  15              		.file	"motor_task.c"
  16              		.text
  17              	.Ltext0:
  18              		.cfi_sections	.debug_frame
  19              		.global	__aeabi_d2uiz
  20              		.section	.text.Step_Motor_Set_Speed,"ax",%progbits
  21              		.align	1
  22              		.global	Step_Motor_Set_Speed
  23              		.syntax unified
  24              		.thumb
  25              		.thumb_func
  27              	Step_Motor_Set_Speed:
  28              	.LVL0:
  29              	.LFB138:
  30              		.file 1 "Core/App/motor_task.c"
   1:Core/App/motor_task.c **** #include "cmsis_os.h"
   2:Core/App/motor_task.c **** #include "main.h"
   3:Core/App/motor_task.c **** #include "Emm_V5.h"
   4:Core/App/motor_task.c **** #include "stdbool.h"
   5:Core/App/motor_task.c **** 
   6:Core/App/motor_task.c **** typedef struct MOTOR{
   7:Core/App/motor_task.c ****     uint8_t addr;
   8:Core/App/motor_task.c ****     uint8_t dir[2]; //正转，反转
   9:Core/App/motor_task.c ****     double vel;
  10:Core/App/motor_task.c ****     double acc;
  11:Core/App/motor_task.c ****     double round;
  12:Core/App/motor_task.c ****     bool snF;
  13:Core/App/motor_task.c ****     bool svF;
  14:Core/App/motor_task.c **** } MOTOR;
  15:Core/App/motor_task.c **** 
  16:Core/App/motor_task.c **** MOTOR motor[2] = {
  17:Core/App/motor_task.c ****     // {0x01, {0x01, 0x00}, 2000.0, 200.0, 1, true, true}, 
  18:Core/App/motor_task.c ****     // {0x02, {0x00, 0x01}, 2000.0, 200.0, 1, true, true} 
  19:Core/App/motor_task.c ****     // {0x01, {0x01, 0x00}, 2000.0, 200.0, 0.05, false, true}, 
  20:Core/App/motor_task.c ****     // {0x02, {0x00, 0x01}, 2000.0, 200.0, 1.0, false, true} 
  21:Core/App/motor_task.c ****     {0x01, {0x01, 0x00}, 30.0, 10.0, 0.05, false, true}, 
  22:Core/App/motor_task.c ****     {0x02, {0x00, 0x01}, 30.0, 10.0, 1.0, false, true}  
  23:Core/App/motor_task.c **** };
  24:Core/App/motor_task.c **** 
  25:Core/App/motor_task.c **** // 步进电机控制函数
  26:Core/App/motor_task.c **** void Step_Motor_Set_Speed(float x_rpm, float y_rpm)
  27:Core/App/motor_task.c **** {
  31              		.loc 1 27 1 view -0
ARM GAS  C:\Users\ASUS\AppData\Local\Temp\ccudb3QI.s 			page 2


  32              		.cfi_startproc
  33              		@ args = 0, pretend = 0, frame = 0
  34              		@ frame_needed = 0, uses_anonymous_args = 0
  35              		.loc 1 27 1 is_stmt 0 view .LVU1
  36 0000 2DE9F041 		push	{r4, r5, r6, r7, r8, lr}
  37              	.LCFI0:
  38              		.cfi_def_cfa_offset 24
  39              		.cfi_offset 4, -24
  40              		.cfi_offset 5, -20
  41              		.cfi_offset 6, -16
  42              		.cfi_offset 7, -12
  43              		.cfi_offset 8, -8
  44              		.cfi_offset 14, -4
  45 0004 82B0     		sub	sp, sp, #8
  46              	.LCFI1:
  47              		.cfi_def_cfa_offset 32
  28:Core/App/motor_task.c ****     uint8_t x_dir, y_dir;
  48              		.loc 1 28 5 is_stmt 1 view .LVU2
  29:Core/App/motor_task.c ****     uint16_t x_speed_scaled, y_speed_scaled;
  49              		.loc 1 29 5 view .LVU3
  30:Core/App/motor_task.c **** 
  31:Core/App/motor_task.c ****     x_dir = (x_rpm >= 0) ? motor[1].dir[0] : motor[1].dir[1];
  50              		.loc 1 31 5 view .LVU4
  51              		.loc 1 31 11 is_stmt 0 view .LVU5
  52 0006 B5EEC00A 		vcmpe.f32	s0, #0
  53 000a F1EE10FA 		vmrs	APSR_nzcv, FPSCR
  54 000e 52DB     		blt	.L12
  55              		.loc 1 31 11 discriminator 1 view .LVU6
  56 0010 2F4B     		ldr	r3, .L17
  57 0012 93F82980 		ldrb	r8, [r3, #41]	@ zero_extendqisi2
  58              	.L4:
  59              	.LVL1:
  32:Core/App/motor_task.c ****     y_dir = (y_rpm >= 0) ? motor[0].dir[0] : motor[0].dir[1];
  60              		.loc 1 32 5 is_stmt 1 discriminator 4 view .LVU7
  61              		.loc 1 32 11 is_stmt 0 discriminator 4 view .LVU8
  62 0016 F5EEC00A 		vcmpe.f32	s1, #0
  63 001a F1EE10FA 		vmrs	APSR_nzcv, FPSCR
  64 001e 4EDB     		blt	.L13
  65              		.loc 1 32 11 discriminator 1 view .LVU9
  66 0020 2B4B     		ldr	r3, .L17
  67 0022 5F78     		ldrb	r7, [r3, #1]	@ zero_extendqisi2
  68              	.L7:
  69              	.LVL2:
  33:Core/App/motor_task.c ****     
  34:Core/App/motor_task.c ****     // 速度换算（0.1RPM单位）
  35:Core/App/motor_task.c ****     x_speed_scaled = (uint16_t)(ABS(x_rpm) * 10 + 0.5f);
  70              		.loc 1 35 5 is_stmt 1 discriminator 4 view .LVU10
  71              		.loc 1 35 33 is_stmt 0 discriminator 4 view .LVU11
  72 0024 B5EEC00A 		vcmpe.f32	s0, #0
  73 0028 F1EE10FA 		vmrs	APSR_nzcv, FPSCR
  74 002c 4ADD     		ble	.L15
  75              	.LVL3:
  76              	.L8:
  77              		.loc 1 35 44 discriminator 4 view .LVU12
  78 002e F2EE047A 		vmov.f32	s15, #1.0e+1
  79 0032 20EE270A 		vmul.f32	s0, s0, s15
  80              		.loc 1 35 49 discriminator 4 view .LVU13
ARM GAS  C:\Users\ASUS\AppData\Local\Temp\ccudb3QI.s 			page 3


  81 0036 F6EE007A 		vmov.f32	s15, #5.0e-1
  82 003a 30EE270A 		vadd.f32	s0, s0, s15
  83              		.loc 1 35 20 discriminator 4 view .LVU14
  84 003e BCEEC00A 		vcvt.u32.f32	s0, s0
  85 0042 10EE103A 		vmov	r3, s0	@ int
  86 0046 9CB2     		uxth	r4, r3
  87              	.LVL4:
  36:Core/App/motor_task.c ****     y_speed_scaled = (uint16_t)(ABS(y_rpm) * 10 + 0.5f);
  88              		.loc 1 36 5 is_stmt 1 discriminator 4 view .LVU15
  89              		.loc 1 36 33 is_stmt 0 discriminator 4 view .LVU16
  90 0048 F5EEC00A 		vcmpe.f32	s1, #0
  91 004c F1EE10FA 		vmrs	APSR_nzcv, FPSCR
  92 0050 3BDD     		ble	.L16
  93              	.LVL5:
  94              	.L9:
  95              		.loc 1 36 44 discriminator 4 view .LVU17
  96 0052 F2EE047A 		vmov.f32	s15, #1.0e+1
  97 0056 60EEA70A 		vmul.f32	s1, s1, s15
  98              		.loc 1 36 49 discriminator 4 view .LVU18
  99 005a F6EE007A 		vmov.f32	s15, #5.0e-1
 100 005e 70EEA70A 		vadd.f32	s1, s1, s15
 101              		.loc 1 36 20 discriminator 4 view .LVU19
 102 0062 FCEEE00A 		vcvt.u32.f32	s1, s1
 103 0066 10EE903A 		vmov	r3, s1	@ int
 104 006a 9DB2     		uxth	r5, r3
 105              	.LVL6:
  37:Core/App/motor_task.c ****     
  38:Core/App/motor_task.c ****     // X轴电机控制
  39:Core/App/motor_task.c ****     Emm_V5_Vel_Control(motor[1].addr, x_dir, x_speed_scaled, motor[1].acc, motor[1].snF);
 106              		.loc 1 39 5 is_stmt 1 discriminator 4 view .LVU20
 107              		.loc 1 39 70 is_stmt 0 discriminator 4 view .LVU21
 108 006c 184E     		ldr	r6, .L17
 109              		.loc 1 39 5 discriminator 4 view .LVU22
 110 006e D6E90E01 		ldrd	r0, [r6, #56]
 111 0072 FFF7FEFF 		bl	__aeabi_d2uiz
 112              	.LVL7:
 113 0076 96F84830 		ldrb	r3, [r6, #72]	@ zero_extendqisi2
 114 007a 0093     		str	r3, [sp]
 115 007c C3B2     		uxtb	r3, r0
 116 007e 2246     		mov	r2, r4
 117 0080 4146     		mov	r1, r8
 118 0082 96F82800 		ldrb	r0, [r6, #40]	@ zero_extendqisi2
 119 0086 FFF7FEFF 		bl	Emm_V5_Vel_Control
 120              	.LVL8:
  40:Core/App/motor_task.c ****     osDelay(10);
 121              		.loc 1 40 5 is_stmt 1 discriminator 4 view .LVU23
 122 008a 0A20     		movs	r0, #10
 123 008c FFF7FEFF 		bl	osDelay
 124              	.LVL9:
  41:Core/App/motor_task.c ****     
  42:Core/App/motor_task.c ****     // Y轴电机控制
  43:Core/App/motor_task.c ****     Emm_V5_Vel_Control(motor[0].addr, y_dir, y_speed_scaled, motor[0].acc, motor[0].snF);
 125              		.loc 1 43 5 discriminator 4 view .LVU24
 126 0090 D6E90401 		ldrd	r0, [r6, #16]
 127 0094 FFF7FEFF 		bl	__aeabi_d2uiz
 128              	.LVL10:
 129 0098 96F82030 		ldrb	r3, [r6, #32]	@ zero_extendqisi2
ARM GAS  C:\Users\ASUS\AppData\Local\Temp\ccudb3QI.s 			page 4


 130 009c 0093     		str	r3, [sp]
 131 009e C3B2     		uxtb	r3, r0
 132 00a0 2A46     		mov	r2, r5
 133 00a2 3946     		mov	r1, r7
 134 00a4 3078     		ldrb	r0, [r6]	@ zero_extendqisi2
 135 00a6 FFF7FEFF 		bl	Emm_V5_Vel_Control
 136              	.LVL11:
  44:Core/App/motor_task.c ****     osDelay(10);
 137              		.loc 1 44 5 discriminator 4 view .LVU25
 138 00aa 0A20     		movs	r0, #10
 139 00ac FFF7FEFF 		bl	osDelay
 140              	.LVL12:
  45:Core/App/motor_task.c **** }
 141              		.loc 1 45 1 is_stmt 0 discriminator 4 view .LVU26
 142 00b0 02B0     		add	sp, sp, #8
 143              	.LCFI2:
 144              		.cfi_remember_state
 145              		.cfi_def_cfa_offset 24
 146              		@ sp needed
 147 00b2 BDE8F081 		pop	{r4, r5, r6, r7, r8, pc}
 148              	.LVL13:
 149              	.L12:
 150              	.LCFI3:
 151              		.cfi_restore_state
  31:Core/App/motor_task.c ****     y_dir = (y_rpm >= 0) ? motor[0].dir[0] : motor[0].dir[1];
 152              		.loc 1 31 11 discriminator 2 view .LVU27
 153 00b6 064B     		ldr	r3, .L17
 154 00b8 93F82A80 		ldrb	r8, [r3, #42]	@ zero_extendqisi2
 155 00bc ABE7     		b	.L4
 156              	.LVL14:
 157              	.L13:
  32:Core/App/motor_task.c ****     
 158              		.loc 1 32 11 discriminator 2 view .LVU28
 159 00be 044B     		ldr	r3, .L17
 160 00c0 9F78     		ldrb	r7, [r3, #2]	@ zero_extendqisi2
 161 00c2 AFE7     		b	.L7
 162              	.LVL15:
 163              	.L15:
  35:Core/App/motor_task.c ****     y_speed_scaled = (uint16_t)(ABS(y_rpm) * 10 + 0.5f);
 164              		.loc 1 35 33 discriminator 2 view .LVU29
 165 00c4 B1EE400A 		vneg.f32	s0, s0
 166              	.LVL16:
  35:Core/App/motor_task.c ****     y_speed_scaled = (uint16_t)(ABS(y_rpm) * 10 + 0.5f);
 167              		.loc 1 35 33 discriminator 2 view .LVU30
 168 00c8 B1E7     		b	.L8
 169              	.LVL17:
 170              	.L16:
  36:Core/App/motor_task.c ****     
 171              		.loc 1 36 33 discriminator 2 view .LVU31
 172 00ca F1EE600A 		vneg.f32	s1, s1
 173              	.LVL18:
  36:Core/App/motor_task.c ****     
 174              		.loc 1 36 33 discriminator 2 view .LVU32
 175 00ce C0E7     		b	.L9
 176              	.L18:
 177              		.align	2
 178              	.L17:
ARM GAS  C:\Users\ASUS\AppData\Local\Temp\ccudb3QI.s 			page 5


 179 00d0 00000000 		.word	.LANCHOR0
 180              		.cfi_endproc
 181              	.LFE138:
 183              		.section	.text.Step_Motor_Rotate_X_Angle,"ax",%progbits
 184              		.align	1
 185              		.global	Step_Motor_Rotate_X_Angle
 186              		.syntax unified
 187              		.thumb
 188              		.thumb_func
 190              	Step_Motor_Rotate_X_Angle:
 191              	.LVL19:
 192              	.LFB139:
  46:Core/App/motor_task.c **** 
  47:Core/App/motor_task.c **** // 角度旋转控制
  48:Core/App/motor_task.c **** void Step_Motor_Rotate_X_Angle(int16_t angle)
  49:Core/App/motor_task.c **** {
 193              		.loc 1 49 1 is_stmt 1 view -0
 194              		.cfi_startproc
 195              		@ args = 0, pretend = 0, frame = 0
 196              		@ frame_needed = 0, uses_anonymous_args = 0
 197              		.loc 1 49 1 is_stmt 0 view .LVU34
 198 0000 2DE9F043 		push	{r4, r5, r6, r7, r8, r9, lr}
 199              	.LCFI4:
 200              		.cfi_def_cfa_offset 28
 201              		.cfi_offset 4, -28
 202              		.cfi_offset 5, -24
 203              		.cfi_offset 6, -20
 204              		.cfi_offset 7, -16
 205              		.cfi_offset 8, -12
 206              		.cfi_offset 9, -8
 207              		.cfi_offset 14, -4
 208 0004 85B0     		sub	sp, sp, #20
 209              	.LCFI5:
 210              		.cfi_def_cfa_offset 48
  50:Core/App/motor_task.c ****     uint8_t dir;
 211              		.loc 1 50 5 is_stmt 1 view .LVU35
  51:Core/App/motor_task.c ****     uint32_t pulses;
 212              		.loc 1 51 5 view .LVU36
  52:Core/App/motor_task.c ****     
  53:Core/App/motor_task.c ****     // 角度限制
  54:Core/App/motor_task.c ****     if(angle > 180) angle = 180;
 213              		.loc 1 54 5 view .LVU37
 214              		.loc 1 54 7 is_stmt 0 view .LVU38
 215 0006 B428     		cmp	r0, #180
 216 0008 25DC     		bgt	.L23
  55:Core/App/motor_task.c ****     if(angle < -180) angle = -180;
 217              		.loc 1 55 5 is_stmt 1 view .LVU39
 218              		.loc 1 55 7 is_stmt 0 view .LVU40
 219 000a 10F1B40F 		cmn	r0, #180
 220 000e 23DA     		bge	.L20
 221              		.loc 1 55 28 view .LVU41
 222 0010 6FF0B300 		mvn	r0, #179
 223              	.LVL20:
 224              	.L21:
  56:Core/App/motor_task.c ****     
  57:Core/App/motor_task.c ****     // 方向判断：CW（右转）为1，CCW（左转）为0
  58:Core/App/motor_task.c ****     if(angle >= 0)
ARM GAS  C:\Users\ASUS\AppData\Local\Temp\ccudb3QI.s 			page 6


  59:Core/App/motor_task.c ****     {
  60:Core/App/motor_task.c ****         dir = 1; // CW
  61:Core/App/motor_task.c ****         pulses = (uint32_t)(angle * 150); // 角度转脉冲数
  62:Core/App/motor_task.c ****     }
  63:Core/App/motor_task.c ****     else
  64:Core/App/motor_task.c ****     {
  65:Core/App/motor_task.c ****         dir = 0; // CCW
 225              		.loc 1 65 9 is_stmt 1 view .LVU42
  66:Core/App/motor_task.c ****         pulses = (uint32_t)((-angle) * 150);
 226              		.loc 1 66 9 view .LVU43
 227              		.loc 1 66 38 is_stmt 0 view .LVU44
 228 0014 6FF09504 		mvn	r4, #149
 229 0018 00FB04F4 		mul	r4, r0, r4
 230              	.LVL21:
  65:Core/App/motor_task.c ****         pulses = (uint32_t)((-angle) * 150);
 231              		.loc 1 65 13 view .LVU45
 232 001c 0027     		movs	r7, #0
 233              	.LVL22:
 234              	.L22:
  67:Core/App/motor_task.c ****     }
  68:Core/App/motor_task.c ****     
  69:Core/App/motor_task.c ****     // 发送位置控制命令
  70:Core/App/motor_task.c ****     Emm_V5_Pos_Control(motor[1].addr, dir,
 235              		.loc 1 70 5 is_stmt 1 view .LVU46
  71:Core/App/motor_task.c ****                        motor[1].vel, motor[1].acc, pulses, 
 236              		.loc 1 71 32 is_stmt 0 view .LVU47
 237 001e 124D     		ldr	r5, .L26
 238 0020 D5E90C89 		ldrd	r8, [r5, #48]
  70:Core/App/motor_task.c ****                        motor[1].vel, motor[1].acc, pulses, 
 239              		.loc 1 70 5 view .LVU48
 240 0024 D5E90E01 		ldrd	r0, [r5, #56]
 241 0028 FFF7FEFF 		bl	__aeabi_d2uiz
 242              	.LVL23:
 243 002c C6B2     		uxtb	r6, r0
 244 002e 4046     		mov	r0, r8
 245 0030 4946     		mov	r1, r9
 246 0032 FFF7FEFF 		bl	__aeabi_d2uiz
 247              	.LVL24:
 248 0036 95F84830 		ldrb	r3, [r5, #72]	@ zero_extendqisi2
 249 003a 0293     		str	r3, [sp, #8]
 250 003c 0023     		movs	r3, #0
 251 003e 0193     		str	r3, [sp, #4]
 252 0040 0094     		str	r4, [sp]
 253 0042 3346     		mov	r3, r6
 254 0044 82B2     		uxth	r2, r0
 255 0046 3946     		mov	r1, r7
 256 0048 95F82800 		ldrb	r0, [r5, #40]	@ zero_extendqisi2
 257 004c FFF7FEFF 		bl	Emm_V5_Pos_Control
 258              	.LVL25:
  72:Core/App/motor_task.c ****                        false, motor[1].snF);
  73:Core/App/motor_task.c **** }
 259              		.loc 1 73 1 view .LVU49
 260 0050 05B0     		add	sp, sp, #20
 261              	.LCFI6:
 262              		.cfi_remember_state
 263              		.cfi_def_cfa_offset 28
 264              		@ sp needed
ARM GAS  C:\Users\ASUS\AppData\Local\Temp\ccudb3QI.s 			page 7


 265 0052 BDE8F083 		pop	{r4, r5, r6, r7, r8, r9, pc}
 266              	.LVL26:
 267              	.L23:
 268              	.LCFI7:
 269              		.cfi_restore_state
  54:Core/App/motor_task.c ****     if(angle < -180) angle = -180;
 270              		.loc 1 54 27 view .LVU50
 271 0056 B420     		movs	r0, #180
 272              	.LVL27:
 273              	.L20:
  58:Core/App/motor_task.c ****     {
 274              		.loc 1 58 5 is_stmt 1 view .LVU51
  58:Core/App/motor_task.c ****     {
 275              		.loc 1 58 7 is_stmt 0 view .LVU52
 276 0058 0028     		cmp	r0, #0
 277 005a DBDB     		blt	.L21
  60:Core/App/motor_task.c ****         pulses = (uint32_t)(angle * 150); // 角度转脉冲数
 278              		.loc 1 60 9 is_stmt 1 view .LVU53
 279              	.LVL28:
  61:Core/App/motor_task.c ****     }
 280              		.loc 1 61 9 view .LVU54
  61:Core/App/motor_task.c ****     }
 281              		.loc 1 61 35 is_stmt 0 view .LVU55
 282 005c 9624     		movs	r4, #150
 283 005e 00FB04F4 		mul	r4, r0, r4
 284              	.LVL29:
  60:Core/App/motor_task.c ****         pulses = (uint32_t)(angle * 150); // 角度转脉冲数
 285              		.loc 1 60 13 view .LVU56
 286 0062 0127     		movs	r7, #1
 287 0064 DBE7     		b	.L22
 288              	.L27:
 289 0066 00BF     		.align	2
 290              	.L26:
 291 0068 00000000 		.word	.LANCHOR0
 292              		.cfi_endproc
 293              	.LFE139:
 295              		.section	.text.StartMotorTask,"ax",%progbits
 296              		.align	1
 297              		.global	StartMotorTask
 298              		.syntax unified
 299              		.thumb
 300              		.thumb_func
 302              	StartMotorTask:
 303              	.LVL30:
 304              	.LFB140:
  74:Core/App/motor_task.c **** 
  75:Core/App/motor_task.c **** 
  76:Core/App/motor_task.c **** 
  77:Core/App/motor_task.c **** void StartMotorTask(void *argument){
 305              		.loc 1 77 36 is_stmt 1 view -0
 306              		.cfi_startproc
 307              		@ Volatile: function does not return.
 308              		@ args = 0, pretend = 0, frame = 0
 309              		@ frame_needed = 0, uses_anonymous_args = 0
 310              		.loc 1 77 36 is_stmt 0 view .LVU58
 311 0000 80B5     		push	{r7, lr}
 312              	.LCFI8:
ARM GAS  C:\Users\ASUS\AppData\Local\Temp\ccudb3QI.s 			page 8


 313              		.cfi_def_cfa_offset 8
 314              		.cfi_offset 7, -8
 315              		.cfi_offset 14, -4
 316 0002 82B0     		sub	sp, sp, #8
 317              	.LCFI9:
 318              		.cfi_def_cfa_offset 16
  78:Core/App/motor_task.c ****     Emm_V5_En_Control(motor[0].addr, true, motor[0].snF);
 319              		.loc 1 78 5 is_stmt 1 view .LVU59
 320 0004 234C     		ldr	r4, .L34
 321 0006 94F82020 		ldrb	r2, [r4, #32]	@ zero_extendqisi2
 322 000a 0121     		movs	r1, #1
 323 000c 2078     		ldrb	r0, [r4]	@ zero_extendqisi2
 324              	.LVL31:
 325              		.loc 1 78 5 is_stmt 0 view .LVU60
 326 000e FFF7FEFF 		bl	Emm_V5_En_Control
 327              	.LVL32:
  79:Core/App/motor_task.c ****     osDelay(10);
 328              		.loc 1 79 5 is_stmt 1 view .LVU61
 329 0012 0A20     		movs	r0, #10
 330 0014 FFF7FEFF 		bl	osDelay
 331              	.LVL33:
  80:Core/App/motor_task.c ****     Emm_V5_En_Control(motor[1].addr, true, motor[1].snF);
 332              		.loc 1 80 5 view .LVU62
 333 0018 94F84820 		ldrb	r2, [r4, #72]	@ zero_extendqisi2
 334 001c 0121     		movs	r1, #1
 335 001e 94F82800 		ldrb	r0, [r4, #40]	@ zero_extendqisi2
 336 0022 FFF7FEFF 		bl	Emm_V5_En_Control
 337              	.LVL34:
  81:Core/App/motor_task.c ****     osDelay(10);
 338              		.loc 1 81 5 view .LVU63
 339 0026 0A20     		movs	r0, #10
 340 0028 FFF7FEFF 		bl	osDelay
 341              	.LVL35:
 342 002c 20E0     		b	.L29
 343              	.L33:
  82:Core/App/motor_task.c **** 
  83:Core/App/motor_task.c ****     // Emm_V5_Origin_Set_O(motor[0].addr, motor[0].svF);
  84:Core/App/motor_task.c ****     // osDelay(10);
  85:Core/App/motor_task.c ****     // Emm_V5_Origin_Set_O(motor[1].addr, motor[1].svF);
  86:Core/App/motor_task.c ****     // osDelay(10);
  87:Core/App/motor_task.c **** 
  88:Core/App/motor_task.c ****     for(;;){
  89:Core/App/motor_task.c ****         osMessageQueueGet(BtnQueueHandle, &click, 0, osWaitForever);
  90:Core/App/motor_task.c ****         if (click == 1) {
  91:Core/App/motor_task.c ****             // Emm_V5_Pos_Control(motor[0].addr, motor[0].dir[0], motor[0].vel, motor[0].acc, 3200*
  92:Core/App/motor_task.c ****             // osDelay(10);
  93:Core/App/motor_task.c ****             // Emm_V5_Pos_Control(motor[1].addr, motor[1].dir[1], motor[1].vel, motor[1].acc, 3200*
  94:Core/App/motor_task.c ****             // osDelay(10);
  95:Core/App/motor_task.c ****             // Emm_V5_Synchronous_motion(0x00);
  96:Core/App/motor_task.c **** 
  97:Core/App/motor_task.c ****             // Emm_V5_Pos_Control(motor[0].addr, motor[0].dir[0], motor[0].vel, motor[0].acc, 3200*
  98:Core/App/motor_task.c ****             // osDelay(1000);
  99:Core/App/motor_task.c ****             // Emm_V5_Pos_Control(motor[1].addr, motor[1].dir[1], motor[1].vel, motor[1].acc, 3200*
 100:Core/App/motor_task.c ****             // osDelay(1000);
 101:Core/App/motor_task.c ****             // Emm_V5_Pos_Control(motor[0].addr, motor[0].dir[1], motor[0].vel, motor[0].acc, 3200*
 102:Core/App/motor_task.c ****             // osDelay(1000);
 103:Core/App/motor_task.c ****             // Emm_V5_Pos_Control(motor[1].addr, motor[1].dir[0], motor[1].vel, motor[1].acc, 3200*
ARM GAS  C:\Users\ASUS\AppData\Local\Temp\ccudb3QI.s 			page 9


 104:Core/App/motor_task.c ****             // osDelay(1000);
 105:Core/App/motor_task.c **** 
 106:Core/App/motor_task.c ****             // Emm_V5_Synchronous_motion(0x00);
 107:Core/App/motor_task.c **** 
 108:Core/App/motor_task.c ****             Emm_V5_Vel_Control(motor[1].addr, motor[1].dir[0], motor[1].vel, motor[1].acc, motor[1]
 344              		.loc 1 108 13 view .LVU64
 345              		.loc 1 108 72 is_stmt 0 view .LVU65
 346 002e 194C     		ldr	r4, .L34
 347 0030 D4E90C67 		ldrd	r6, [r4, #48]
 348              		.loc 1 108 13 view .LVU66
 349 0034 D4E90E01 		ldrd	r0, [r4, #56]
 350 0038 FFF7FEFF 		bl	__aeabi_d2uiz
 351              	.LVL36:
 352 003c C5B2     		uxtb	r5, r0
 353 003e 3046     		mov	r0, r6
 354 0040 3946     		mov	r1, r7
 355 0042 FFF7FEFF 		bl	__aeabi_d2uiz
 356              	.LVL37:
 357 0046 94F84830 		ldrb	r3, [r4, #72]	@ zero_extendqisi2
 358 004a 0093     		str	r3, [sp]
 359 004c 2B46     		mov	r3, r5
 360 004e 82B2     		uxth	r2, r0
 361 0050 94F82910 		ldrb	r1, [r4, #41]	@ zero_extendqisi2
 362 0054 94F82800 		ldrb	r0, [r4, #40]	@ zero_extendqisi2
 363 0058 FFF7FEFF 		bl	Emm_V5_Vel_Control
 364              	.LVL38:
 109:Core/App/motor_task.c **** 
 110:Core/App/motor_task.c ****             osDelay(1000);
 365              		.loc 1 110 13 is_stmt 1 view .LVU67
 366 005c 4FF47A70 		mov	r0, #1000
 367 0060 FFF7FEFF 		bl	osDelay
 368              	.LVL39:
 111:Core/App/motor_task.c **** 
 112:Core/App/motor_task.c ****             Emm_V5_Stop_Now(motor[1].addr, motor[1].snF);
 369              		.loc 1 112 13 view .LVU68
 370 0064 94F84810 		ldrb	r1, [r4, #72]	@ zero_extendqisi2
 371 0068 94F82800 		ldrb	r0, [r4, #40]	@ zero_extendqisi2
 372 006c FFF7FEFF 		bl	Emm_V5_Stop_Now
 373              	.LVL40:
 374              	.L29:
  88:Core/App/motor_task.c ****         osMessageQueueGet(BtnQueueHandle, &click, 0, osWaitForever);
 375              		.loc 1 88 5 view .LVU69
  89:Core/App/motor_task.c ****         if (click == 1) {
 376              		.loc 1 89 9 view .LVU70
 377 0070 094C     		ldr	r4, .L34+4
 378 0072 4FF0FF33 		mov	r3, #-1
 379 0076 0022     		movs	r2, #0
 380 0078 2146     		mov	r1, r4
 381 007a 0848     		ldr	r0, .L34+8
 382 007c 0068     		ldr	r0, [r0]
 383 007e FFF7FEFF 		bl	osMessageQueueGet
 384              	.LVL41:
  90:Core/App/motor_task.c ****             // Emm_V5_Pos_Control(motor[0].addr, motor[0].dir[0], motor[0].vel, motor[0].acc, 3200*
 385              		.loc 1 90 9 view .LVU71
  90:Core/App/motor_task.c ****             // Emm_V5_Pos_Control(motor[0].addr, motor[0].dir[0], motor[0].vel, motor[0].acc, 3200*
 386              		.loc 1 90 19 is_stmt 0 view .LVU72
 387 0082 2388     		ldrh	r3, [r4]
ARM GAS  C:\Users\ASUS\AppData\Local\Temp\ccudb3QI.s 			page 10


  90:Core/App/motor_task.c ****             // Emm_V5_Pos_Control(motor[0].addr, motor[0].dir[0], motor[0].vel, motor[0].acc, 3200*
 388              		.loc 1 90 12 view .LVU73
 389 0084 012B     		cmp	r3, #1
 390 0086 D2D0     		beq	.L33
 113:Core/App/motor_task.c **** 
 114:Core/App/motor_task.c **** 
 115:Core/App/motor_task.c **** 
 116:Core/App/motor_task.c ****         }
 117:Core/App/motor_task.c ****         else if(click == 2)
 391              		.loc 1 117 14 is_stmt 1 view .LVU74
 392              		.loc 1 117 16 is_stmt 0 view .LVU75
 393 0088 022B     		cmp	r3, #2
 394 008a F1D1     		bne	.L29
 118:Core/App/motor_task.c ****         {
 119:Core/App/motor_task.c ****             // Emm_V5_Pos_Control(motor[0].addr, motor[0].dir[1], motor[0].vel, motor[0].acc, 3200*
 120:Core/App/motor_task.c ****             // osDelay(10);
 121:Core/App/motor_task.c ****             // Emm_V5_Pos_Control(motor[1].addr, motor[1].dir[0], motor[1].vel, motor[1].acc, 3200*
 122:Core/App/motor_task.c ****             // osDelay(10);
 123:Core/App/motor_task.c ****             // Emm_V5_Synchronous_motion(0x00);
 124:Core/App/motor_task.c **** 
 125:Core/App/motor_task.c ****             // Emm_V5_Origin_Trigger_Return(motor[0].addr, 0x00, motor[0].snF);
 126:Core/App/motor_task.c ****             // osDelay(10);
 127:Core/App/motor_task.c ****             // Emm_V5_Origin_Trigger_Return(motor[1].addr, 0x00, motor[1].snF);
 128:Core/App/motor_task.c ****             // osDelay(10);
 129:Core/App/motor_task.c ****             // Emm_V5_Synchronous_motion(0x00);
 130:Core/App/motor_task.c **** 
 131:Core/App/motor_task.c ****             osDelay(10);
 395              		.loc 1 131 13 is_stmt 1 view .LVU76
 396 008c 0A20     		movs	r0, #10
 397 008e FFF7FEFF 		bl	osDelay
 398              	.LVL42:
 399 0092 EDE7     		b	.L29
 400              	.L35:
 401              		.align	2
 402              	.L34:
 403 0094 00000000 		.word	.LANCHOR0
 404 0098 00000000 		.word	click
 405 009c 00000000 		.word	BtnQueueHandle
 406              		.cfi_endproc
 407              	.LFE140:
 409              		.global	motor
 410              		.section	.data.motor,"aw"
 411              		.align	3
 412              		.set	.LANCHOR0,. + 0
 415              	motor:
 416 0000 01       		.byte	1
 417 0001 0100     		.ascii	"\001\000"
 418 0003 00000000 		.space	5
 418      00
 419 0008 00000000 		.word	0
 420 000c 00003E40 		.word	1077805056
 421 0010 00000000 		.word	0
 422 0014 00002440 		.word	1076101120
 423 0018 9A999999 		.word	-1717986918
 424 001c 9999A93F 		.word	1068079513
 425 0020 00       		.byte	0
 426 0021 01       		.byte	1
ARM GAS  C:\Users\ASUS\AppData\Local\Temp\ccudb3QI.s 			page 11


 427 0022 00000000 		.space	6
 427      0000
 428 0028 02       		.byte	2
 429 0029 0001     		.ascii	"\000\001"
 430 002b 00000000 		.space	5
 430      00
 431 0030 00000000 		.word	0
 432 0034 00003E40 		.word	1077805056
 433 0038 00000000 		.word	0
 434 003c 00002440 		.word	1076101120
 435 0040 00000000 		.word	0
 436 0044 0000F03F 		.word	1072693248
 437 0048 00       		.byte	0
 438 0049 01       		.byte	1
 439 004a 00000000 		.space	6
 439      0000
 440              		.text
 441              	.Letext0:
 442              		.file 2 "d:\\chain\\gcc-arm-none-eabi-10.3-2021.10-win32\\gcc-arm-none-eabi-10.3-2021.10\\arm-none
 443              		.file 3 "d:\\chain\\gcc-arm-none-eabi-10.3-2021.10-win32\\gcc-arm-none-eabi-10.3-2021.10\\arm-none
 444              		.file 4 "Middlewares/Third_Party/FreeRTOS/Source/CMSIS_RTOS_V2/cmsis_os2.h"
 445              		.file 5 "Core/Inc/main.h"
 446              		.file 6 "Core/Bsp/Emm_V5.h"
ARM GAS  C:\Users\ASUS\AppData\Local\Temp\ccudb3QI.s 			page 12


DEFINED SYMBOLS
                            *ABS*:00000000 motor_task.c
C:\Users\ASUS\AppData\Local\Temp\ccudb3QI.s:21     .text.Step_Motor_Set_Speed:00000000 $t
C:\Users\ASUS\AppData\Local\Temp\ccudb3QI.s:27     .text.Step_Motor_Set_Speed:00000000 Step_Motor_Set_Speed
C:\Users\ASUS\AppData\Local\Temp\ccudb3QI.s:179    .text.Step_Motor_Set_Speed:000000d0 $d
C:\Users\ASUS\AppData\Local\Temp\ccudb3QI.s:184    .text.Step_Motor_Rotate_X_Angle:00000000 $t
C:\Users\ASUS\AppData\Local\Temp\ccudb3QI.s:190    .text.Step_Motor_Rotate_X_Angle:00000000 Step_Motor_Rotate_X_Angle
C:\Users\ASUS\AppData\Local\Temp\ccudb3QI.s:291    .text.Step_Motor_Rotate_X_Angle:00000068 $d
C:\Users\ASUS\AppData\Local\Temp\ccudb3QI.s:296    .text.StartMotorTask:00000000 $t
C:\Users\ASUS\AppData\Local\Temp\ccudb3QI.s:302    .text.StartMotorTask:00000000 StartMotorTask
C:\Users\ASUS\AppData\Local\Temp\ccudb3QI.s:403    .text.StartMotorTask:00000094 $d
C:\Users\ASUS\AppData\Local\Temp\ccudb3QI.s:415    .data.motor:00000000 motor
C:\Users\ASUS\AppData\Local\Temp\ccudb3QI.s:411    .data.motor:00000000 $d

UNDEFINED SYMBOLS
__aeabi_d2uiz
Emm_V5_Vel_Control
osDelay
Emm_V5_Pos_Control
Emm_V5_En_Control
Emm_V5_Stop_Now
osMessageQueueGet
click
BtnQueueHandle
